<?xml version="1.0" encoding="UTF-8"?>
<!-- Generated by org.testng.reporters.JUnitReportReporter -->
<testsuite hostname="ER2301053" failures="0" tests="2" name="peddler.pages.Search_Page" time="32.416" errors="0" timestamp="2023-04-09T16:26:11 IST" skipped="0">
  <testcase classname="peddler.pages.Search_Page" name="Verify_search_results" time="17.349"/>
  <system-out/>
  <testcase classname="peddler.pages.Search_Page" name="Verify_No_search_results" time="15.067"/>
  <system-out/>
</testsuite> <!-- peddler.pages.Search_Page -->
