<?xml version="1.0" encoding="UTF-8"?>
<!-- Generated by org.testng.reporters.JUnitReportReporter -->
<testsuite hostname="ER2301053" failures="0" tests="4" name="peddler.pages.Sign_In_Page" time="124.808" errors="0" timestamp="2023-04-09T15:06:10 IST" skipped="0">
  <testcase classname="peddler.pages.Sign_In_Page" name="Verify_UserLogin" time="68.025"/>
  <system-out/>
  <testcase classname="peddler.pages.Sign_In_Page" name="Verify_UserLogin_incorrect_email_ID" time="15.965"/>
  <system-out/>
  <testcase classname="peddler.pages.Sign_In_Page" name="Verify_UserLogin_incorrect_password" time="20.987"/>
  <system-out/>
  <testcase classname="peddler.pages.Sign_In_Page" name="Verify_UserLogin_incorrect_emailID_password" time="19.831"/>
  <system-out/>
</testsuite> <!-- peddler.pages.Sign_In_Page -->
