<?xml version="1.0" encoding="UTF-8"?>
<!-- Generated by org.testng.reporters.JUnitReportReporter -->
<testsuite hostname="ER2301053" failures="0" tests="2" name="peddler.pages.CreateAccount_Page" time="80.190" errors="0" timestamp="2023-04-09T15:33:48 IST" skipped="0">
  <testcase classname="peddler.pages.CreateAccount_Page" name="Verify_CreateAccount" time="25.209"/>
  <system-out/>
  <testcase classname="peddler.pages.CreateAccount_Page" name="Verify_Validation_Msg" time="54.981"/>
  <system-out/>
</testsuite> <!-- peddler.pages.CreateAccount_Page -->
