<?xml version="1.0" encoding="UTF-8"?>
<!-- Generated by org.testng.reporters.JUnitReportReporter -->
<testsuite hostname="ER2301053" failures="0" tests="1" name="peddler.pages.FooterLinks" time="16.271" errors="0" timestamp="2023-04-09T16:09:41 IST" skipped="0">
  <testcase classname="peddler.pages.FooterLinks" name="Verify_List_of_FooterLinks_helpful_section" time="16.271"/>
  <system-out/>
</testsuite> <!-- peddler.pages.FooterLinks -->
